Determining if the pthread_create exist failed with the following output:
Change Dir: /home/tudeng/Kruus-robtech/build/CMakeFiles/CMakeTmp

Run Build Command:/usr/bin/make "cmTryCompileExec985072262/fast"
/usr/bin/make -f CMakeFiles/cmTryCompileExec985072262.dir/build.make CMakeFiles/cmTryCompileExec985072262.dir/build
make[1]: Entering directory `/home/tudeng/Kruus-robtech/build/CMakeFiles/CMakeTmp'
/usr/bin/cmake -E cmake_progress_report /home/tudeng/Kruus-robtech/build/CMakeFiles/CMakeTmp/CMakeFiles 1
Building C object CMakeFiles/cmTryCompileExec985072262.dir/CheckSymbolExists.c.o
/usr/bin/cc    -o CMakeFiles/cmTryCompileExec985072262.dir/CheckSymbolExists.c.o   -c /home/tudeng/Kruus-robtech/build/CMakeFiles/CMakeTmp/CheckSymbolExists.c
Linking C executable cmTryCompileExec985072262
/usr/bin/cmake -E cmake_link_script CMakeFiles/cmTryCompileExec985072262.dir/link.txt --verbose=1
/usr/bin/cc       CMakeFiles/cmTryCompileExec985072262.dir/CheckSymbolExists.c.o  -o cmTryCompileExec985072262 -rdynamic 
CMakeFiles/cmTryCompileExec985072262.dir/CheckSymbolExists.c.o: In function `main':
CheckSymbolExists.c:(.text+0x16): undefined reference to `pthread_create'
collect2: error: ld returned 1 exit status
make[1]: *** [cmTryCompileExec985072262] Error 1
make[1]: Leaving directory `/home/tudeng/Kruus-robtech/build/CMakeFiles/CMakeTmp'
make: *** [cmTryCompileExec985072262/fast] Error 2

File /home/tudeng/Kruus-robtech/build/CMakeFiles/CMakeTmp/CheckSymbolExists.c:
/* */
#include <pthread.h>

int main(int argc, char** argv)
{
  (void)argv;
#ifndef pthread_create
  return ((int*)(&pthread_create))[argc];
#else
  (void)argc;
  return 0;
#endif
}

Determining if the function pthread_create exists in the pthreads failed with the following output:
Change Dir: /home/tudeng/Kruus-robtech/build/CMakeFiles/CMakeTmp

Run Build Command:/usr/bin/make "cmTryCompileExec91445276/fast"
/usr/bin/make -f CMakeFiles/cmTryCompileExec91445276.dir/build.make CMakeFiles/cmTryCompileExec91445276.dir/build
make[1]: Entering directory `/home/tudeng/Kruus-robtech/build/CMakeFiles/CMakeTmp'
/usr/bin/cmake -E cmake_progress_report /home/tudeng/Kruus-robtech/build/CMakeFiles/CMakeTmp/CMakeFiles 1
Building C object CMakeFiles/cmTryCompileExec91445276.dir/CheckFunctionExists.c.o
/usr/bin/cc   -DCHECK_FUNCTION_EXISTS=pthread_create   -o CMakeFiles/cmTryCompileExec91445276.dir/CheckFunctionExists.c.o   -c /usr/share/cmake-2.8/Modules/CheckFunctionExists.c
Linking C executable cmTryCompileExec91445276
/usr/bin/cmake -E cmake_link_script CMakeFiles/cmTryCompileExec91445276.dir/link.txt --verbose=1
/usr/bin/cc   -DCHECK_FUNCTION_EXISTS=pthread_create    CMakeFiles/cmTryCompileExec91445276.dir/CheckFunctionExists.c.o  -o cmTryCompileExec91445276 -rdynamic -lpthreads 
/usr/bin/ld: cannot find -lpthreads
collect2: error: ld returned 1 exit status
make[1]: *** [cmTryCompileExec91445276] Error 1
make[1]: Leaving directory `/home/tudeng/Kruus-robtech/build/CMakeFiles/CMakeTmp'
make: *** [cmTryCompileExec91445276/fast] Error 2


